2025-06-11 19:07:44 - main - INFO - Database initialized successfully
2025-06-11 19:07:52 - main - INFO - 🚀 Starting CyberWatch Security System
2025-06-11 19:07:52 - main - INFO - Initializing background services...
2025-06-11 19:36:33 - main - INFO - Database initialized successfully
2025-06-11 19:36:37 - main - INFO - 🚀 Starting CyberWatch Security System
2025-06-11 19:36:37 - main - INFO - Initializing background services...
2025-06-11 19:38:36 - main - INFO - Registered /malware_events namespace for EMPDRS communication.
2025-06-11 20:05:05 - main - INFO - 🎉 Server marked as ready! Total startup time: 0.41s
2025-06-11 20:05:06 - main - INFO - 🚀 Starting CyberWatch Security System - Core Services
2025-06-11 20:05:06 - main - INFO - Database initialized successfully
2025-06-11 20:05:08 - main - INFO - ✅ Core services initialized
2025-06-11 20:05:08 - main - INFO - 🎯 Server ready for connections!
2025-06-11 20:05:08 - main - INFO - 🔧 Initializing background services...
2025-06-11 20:06:37 - main - ERROR - Error initializing background services: [Errno 4] Interrupted function call
2025-06-11 20:09:21 - main - INFO - Database initialized successfully
2025-06-11 20:09:29 - main - INFO - 🚀 Starting CyberWatch Security System
2025-06-11 20:09:29 - main - INFO - Initializing background services...
2025-06-11 20:11:13 - main - INFO - Registered /malware_events namespace for EMPDRS communication.
2025-06-12 08:41:16 - main - INFO - Database initialized successfully
2025-06-12 08:41:17 - main - INFO - 🚀 Starting eCyber Security System
2025-06-12 08:41:17 - main - INFO - Initializing background services...
2025-06-12 08:41:27 - main - INFO - Registered /malware_events namespace for EMPDRS communication.
2025-06-12 08:53:52 - main - INFO - Database initialized successfully
2025-06-12 08:53:56 - main - INFO - 🚀 Starting eCyber Security System
2025-06-12 08:53:56 - main - INFO - Initializing background services...
2025-06-12 08:54:56 - main - INFO - Registered /malware_events namespace for EMPDRS communication.
2025-06-12 08:57:58 - main - INFO - Database initialized successfully
2025-06-12 08:58:01 - main - INFO - 🚀 Starting eCyber Security System
2025-06-12 08:58:02 - main - INFO - Initializing background services...
2025-06-12 08:59:28 - main - INFO - Registered /malware_events namespace for EMPDRS communication.
2025-06-12 09:15:02 - main - INFO - System monitoring started
2025-06-12 09:41:31 - main - INFO - User started sniffing on Wi-Fi
2025-06-12 10:25:11 - main - INFO - Database initialized successfully
2025-06-12 10:25:15 - main - INFO - 🚀 Starting eCyber Security System
2025-06-12 10:25:15 - main - INFO - Initializing background services...
2025-06-12 10:26:37 - main - INFO - Registered /malware_events namespace for EMPDRS communication.
2025-06-12 10:39:35 - main - INFO - System monitoring started
2025-06-12 12:21:35 - main - INFO - 🛑 Gracefully shutting down...
2025-06-12 15:48:56 - main - INFO - Database initialized successfully
2025-06-12 15:48:57 - main - INFO - 🚀 Starting eCyber Security System
2025-06-12 15:48:57 - main - INFO - Initializing background services...
2025-06-12 15:49:19 - main - INFO - Database initialized successfully
2025-06-12 15:49:20 - main - INFO - 🚀 Starting eCyber Security System
2025-06-12 15:49:20 - main - INFO - Initializing background services...
2025-06-12 15:49:43 - main - INFO - Database initialized successfully
2025-06-12 15:49:44 - main - INFO - 🚀 Starting eCyber Security System
2025-06-12 15:49:44 - main - INFO - Initializing background services...
2025-06-12 15:50:20 - main - INFO - Database initialized successfully
2025-06-12 15:50:22 - main - INFO - 🚀 Starting eCyber Security System
2025-06-12 15:50:22 - main - INFO - Initializing background services...
2025-06-12 15:51:00 - main - INFO - Database initialized successfully
2025-06-12 15:51:03 - main - INFO - 🚀 Starting eCyber Security System
2025-06-12 15:51:03 - main - INFO - Initializing background services...
2025-06-12 15:51:44 - main - INFO - Database initialized successfully
2025-06-12 15:51:47 - main - INFO - 🚀 Starting eCyber Security System
2025-06-12 15:51:47 - main - INFO - Initializing background services...
2025-06-12 15:52:58 - main - INFO - Database initialized successfully
2025-06-12 15:53:05 - main - INFO - 🚀 Starting eCyber Security System
2025-06-12 15:53:05 - main - INFO - Initializing background services...
2025-06-12 15:54:33 - main - INFO - Database initialized successfully
2025-06-12 15:54:41 - main - INFO - 🚀 Starting eCyber Security System
2025-06-12 15:54:41 - main - INFO - Initializing background services...
2025-06-12 18:36:19 - main - INFO - Database initialized successfully
2025-06-12 18:36:22 - main - INFO - 🚀 Starting eCyber Security System
2025-06-12 18:36:23 - main - INFO - Initializing background services...
2025-06-12 18:37:38 - main - INFO - Database initialized successfully
2025-06-12 18:37:43 - main - INFO - 🚀 Starting eCyber Security System
2025-06-12 18:37:43 - main - INFO - Initializing background services...
2025-06-12 18:39:38 - main - INFO - Database initialized successfully
2025-06-12 18:39:43 - main - INFO - 🚀 Starting eCyber Security System
2025-06-12 18:39:43 - main - INFO - Initializing background services...
2025-06-12 18:41:28 - main - INFO - Database initialized successfully
2025-06-12 18:41:33 - main - INFO - 🚀 Starting eCyber Security System
2025-06-12 18:41:33 - main - INFO - Initializing background services...
2025-06-12 18:42:45 - main - INFO - Database initialized successfully
2025-06-12 18:42:48 - main - INFO - 🚀 Starting eCyber Security System
2025-06-12 18:42:48 - main - INFO - Initializing background services...
2025-06-12 18:43:51 - main - INFO - Database initialized successfully
2025-06-12 18:43:54 - main - INFO - 🚀 Starting eCyber Security System
2025-06-12 18:43:55 - main - INFO - Initializing background services...
2025-06-12 18:45:05 - main - INFO - Database initialized successfully
2025-06-12 18:45:09 - main - INFO - 🚀 Starting eCyber Security System
2025-06-12 18:45:09 - main - INFO - Initializing background services...
2025-06-12 18:46:19 - main - INFO - Database initialized successfully
2025-06-12 18:46:23 - main - INFO - 🚀 Starting eCyber Security System
2025-06-12 18:46:23 - main - INFO - Initializing background services...
2025-06-12 18:47:37 - main - INFO - Database initialized successfully
2025-06-12 18:47:55 - main - INFO - 🚀 Starting eCyber Security System
2025-06-12 18:47:55 - main - INFO - Initializing background services...
2025-06-12 19:04:32 - main - INFO - Database initialized successfully
2025-06-12 19:04:40 - main - INFO - 🚀 Starting eCyber Security System
2025-06-12 19:04:40 - main - INFO - Initializing background services...
2025-06-12 19:06:26 - main - INFO - Registered /malware_events namespace for EMPDRS communication.
2025-06-12 23:46:19 - main - INFO - Database initialized successfully
2025-06-12 23:46:22 - main - INFO - 🚀 Starting eCyber Security System
2025-06-12 23:46:22 - main - INFO - Initializing background services...
2025-06-12 23:47:23 - main - INFO - Registered /malware_events namespace for EMPDRS communication.
2025-06-12 23:57:54 - main - INFO - System monitoring started
2025-06-13 09:03:37 - main - INFO - Database initialized successfully
2025-06-13 09:03:37 - main - INFO - 🚀 Starting eCyber Security System
2025-06-13 09:03:37 - main - INFO - Initializing background services...
2025-06-13 09:03:45 - main - INFO - Registered /malware_events namespace for EMPDRS communication.
2025-06-13 09:05:09 - main - INFO - System monitoring started
2025-06-16 09:45:31 - main - INFO - Database initialized successfully
2025-06-16 09:45:36 - main - INFO - 🚀 Starting eCyber Security System
2025-06-16 09:45:36 - main - INFO - Initializing background services...
2025-06-16 09:45:36 - main - INFO - Registered /malware_events namespace for EMPDRS communication.
2025-06-16 08:45:28 - main - INFO - System monitoring started
2025-06-16 09:56:22 - main - INFO - 🛑 Gracefully shutting down...
2025-06-16 10:12:12 - main - INFO - Database initialized successfully
2025-06-16 10:12:17 - main - INFO - 🚀 Starting eCyber Security System
2025-06-16 10:12:17 - main - INFO - Initializing background services...
2025-06-16 10:12:18 - main - INFO - Registered /malware_events namespace for EMPDRS communication.
2025-06-16 10:12:31 - main - INFO - System monitoring started
2025-06-16 20:09:45 - main - INFO - Database initialized successfully
2025-06-16 20:09:48 - main - INFO - 🚀 Starting eCyber Security System
2025-06-16 20:09:48 - main - INFO - Initializing background services...
2025-06-16 20:09:48 - main - INFO - Registered /malware_events namespace for EMPDRS communication.
2025-06-16 20:10:10 - main - INFO - System monitoring started
2025-06-17 14:09:54 - main - INFO - Database initialized successfully
2025-06-17 14:09:55 - main - INFO - 🚀 Starting eCyber Security System
2025-06-17 14:09:55 - main - INFO - Initializing background services...
2025-06-17 14:09:55 - main - INFO - Registered /malware_events namespace for EMPDRS communication.
2025-06-17 14:10:00 - main - INFO - System monitoring started
2025-06-17 14:15:15 - main - INFO - User started sniffing on lo
2025-06-17 15:17:42 - main - INFO - 🛑 Gracefully shutting down...
2025-06-18 17:32:41 - main - INFO - Database initialized successfully
2025-06-18 17:32:42 - main - INFO - 🚀 Starting eCyber Security System
2025-06-18 17:32:42 - main - INFO - Initializing background services...
2025-06-18 17:32:42 - main - INFO - Registered /malware_events namespace for EMPDRS communication.
2025-06-18 17:32:53 - main - INFO - System monitoring started
2025-06-18 16:34:44 - main - INFO - User stopped sniffing
2025-06-18 16:34:44 - main - INFO - Stopping PacketSniffer...
2025-06-18 16:34:44 - main - INFO - PacketSniffer stopped.
2025-06-18 17:35:10 - main - INFO - User started sniffing on enp0s3
2025-06-18 17:36:16 - main - INFO - User stopped sniffing
2025-06-18 17:36:16 - main - INFO - Stopping PacketSniffer...
2025-06-18 17:36:22 - main - INFO - PacketSniffer stopped.
2025-06-18 17:36:37 - main - INFO - User started sniffing on enp0s3
2025-06-18 17:44:47 - main - INFO - User stopped sniffing
2025-06-18 17:44:48 - main - INFO - Stopping PacketSniffer...
2025-06-18 18:45:36 - main - INFO - PacketSniffer stopped.
2025-06-18 18:54:47 - main - INFO - 🛑 Gracefully shutting down...
2025-06-21 00:31:08 - main - INFO - Database initialized successfully
2025-06-21 00:31:10 - main - INFO - 🚀 Starting eCyber Security System
2025-06-21 00:31:10 - main - INFO - Initializing background services...
2025-06-21 00:31:10 - main - INFO - Enhanced IP Blocker initialized
2025-06-21 00:31:12 - main - INFO - Advanced Signature Engine initialized
2025-06-21 00:31:54 - main - INFO - Advanced Phishing Blocker initialized
2025-06-21 00:31:54 - main - INFO - SIEM Integration initialized successfully
2025-06-21 00:31:54 - main - INFO - Performance optimizer initialized successfully
2025-06-21 00:31:56 - main - INFO - Database optimizer initialized successfully
2025-06-21 00:31:56 - main - INFO - Registered /malware_events namespace for EMPDRS communication.
2025-06-21 00:32:03 - main - INFO - System monitoring started
2025-06-21 00:33:07 - main - INFO - User stopped sniffing
2025-06-21 00:33:07 - main - INFO - Stopping PacketSniffer...
2025-06-21 00:33:07 - main - INFO - PacketSniffer stopped.
2025-06-21 00:34:15 - main - INFO - User started sniffing on enp0s8
2025-06-21 00:45:12 - main - INFO - User stopped sniffing
2025-06-21 00:45:12 - main - INFO - Stopping PacketSniffer...
2025-06-21 00:45:18 - main - INFO - PacketSniffer stopped.
2025-06-21 00:45:20 - main - INFO - User started sniffing on enp0s8
2025-06-21 00:53:48 - main - INFO - User stopped sniffing
2025-06-21 00:53:49 - main - INFO - Stopping PacketSniffer...
2025-06-21 00:53:54 - main - INFO - PacketSniffer stopped.
2025-06-21 00:53:55 - main - INFO - User started sniffing on enp0s8
2025-06-21 00:54:03 - main - INFO - User started sniffing on enp0s8
2025-06-21 00:54:54 - main - INFO - User stopped sniffing
2025-06-21 00:54:54 - main - INFO - Stopping PacketSniffer...
2025-06-21 00:55:00 - main - INFO - PacketSniffer stopped.
2025-06-21 00:55:01 - main - INFO - User started sniffing on enp0s3
2025-06-21 00:55:31 - main - INFO - User started sniffing on enp0s3
2025-06-21 00:56:49 - main - INFO - User stopped sniffing
2025-06-21 00:56:49 - main - INFO - Stopping PacketSniffer...
2025-06-21 00:56:55 - main - INFO - PacketSniffer stopped.
2025-06-21 00:57:04 - main - INFO - User started sniffing on enp0s3
2025-06-21 00:57:13 - main - INFO - User stopped sniffing
2025-06-21 00:57:13 - main - INFO - Stopping PacketSniffer...
2025-06-21 00:57:18 - main - INFO - PacketSniffer stopped.
2025-06-21 00:57:19 - main - INFO - User started sniffing on enp0s3
2025-06-21 00:57:20 - main - INFO - User started sniffing on enp0s3
2025-06-21 00:57:26 - main - INFO - User stopped sniffing
2025-06-21 00:57:26 - main - INFO - Stopping PacketSniffer...
2025-06-21 00:57:32 - main - INFO - PacketSniffer stopped.
2025-06-21 00:57:34 - main - INFO - User started sniffing on enp0s3
2025-06-21 00:58:05 - main - INFO - 🛑 Gracefully shutting down...
2025-06-21 00:58:05 - main - INFO - Enhanced IP Blocker stopped
2025-06-21 00:58:05 - main - INFO - Advanced Signature Engine stopped
2025-06-21 00:58:05 - main - INFO - Advanced Phishing Blocker stopped
2025-06-21 00:58:05 - main - INFO - SIEM Integration stopped
2025-06-21 00:58:05 - main - INFO - Performance optimizer stopped
2025-06-21 00:58:05 - main - INFO - Database optimizer stopped
2025-06-21 11:07:03 - main - INFO - Database initialized successfully
2025-06-21 11:07:04 - main - INFO - 🚀 Starting eCyber Security System
2025-06-21 11:07:04 - main - INFO - Initializing background services...
2025-06-21 11:07:04 - main - INFO - Enhanced IP Blocker initialized
2025-06-21 11:07:06 - main - INFO - Advanced Signature Engine initialized
2025-06-21 11:07:10 - main - INFO - Advanced Phishing Blocker initialized
2025-06-21 11:07:10 - main - INFO - SIEM Integration initialized successfully
2025-06-21 11:07:10 - main - INFO - Performance optimizer initialized successfully
2025-06-21 11:07:12 - main - INFO - Database optimizer initialized successfully
2025-06-21 11:07:12 - main - INFO - Registered /malware_events namespace for EMPDRS communication.
2025-06-21 11:07:22 - main - INFO - System monitoring started
2025-06-21 11:09:28 - main - INFO - User stopped sniffing
2025-06-21 11:09:28 - main - INFO - Stopping PacketSniffer...
2025-06-21 11:09:28 - main - INFO - PacketSniffer stopped.
2025-06-21 11:09:47 - main - INFO - User started sniffing on enp0s8
2025-06-21 11:14:40 - main - INFO - 🛑 Gracefully shutting down...
2025-06-21 11:14:40 - main - INFO - Enhanced IP Blocker stopped
2025-06-21 11:14:40 - main - INFO - Advanced Signature Engine stopped
2025-06-21 11:14:40 - main - INFO - Advanced Phishing Blocker stopped
2025-06-21 11:14:40 - main - INFO - SIEM Integration stopped
2025-06-21 11:14:41 - main - INFO - Performance optimizer stopped
2025-06-21 11:14:41 - main - INFO - Database optimizer stopped
2025-06-21 11:21:02 - main - INFO - Database initialized successfully
2025-06-21 11:21:04 - main - INFO - 🚀 Starting eCyber Security System
2025-06-21 11:21:04 - main - INFO - Initializing background services...
2025-06-21 11:21:04 - main - INFO - Enhanced IP Blocker initialized
2025-06-21 11:21:05 - main - INFO - Advanced Signature Engine initialized
2025-06-21 11:21:11 - main - INFO - Advanced Phishing Blocker initialized
2025-06-21 11:21:11 - main - INFO - SIEM Integration initialized successfully
2025-06-21 11:21:11 - main - INFO - Performance optimizer initialized successfully
2025-06-21 11:21:12 - main - INFO - Database optimizer initialized successfully
2025-06-21 11:21:12 - main - INFO - Registered /malware_events namespace for EMPDRS communication.
2025-06-21 11:21:14 - main - INFO - System monitoring started
2025-06-21 11:21:14 - main - INFO - 🛑 Gracefully shutting down...
2025-06-21 11:21:14 - main - INFO - Enhanced IP Blocker stopped
2025-06-21 11:21:14 - main - INFO - Advanced Signature Engine stopped
2025-06-21 11:21:14 - main - INFO - Advanced Phishing Blocker stopped
2025-06-21 11:21:14 - main - INFO - SIEM Integration stopped
2025-06-21 11:21:14 - main - INFO - Performance optimizer stopped
2025-06-21 11:21:14 - main - INFO - Database optimizer stopped
2025-06-21 12:06:45 - main - INFO - Database initialized successfully
2025-06-21 12:06:47 - main - INFO - 🚀 Starting eCyber Security System
2025-06-21 12:06:47 - main - INFO - Initializing background services...
2025-06-21 11:06:30 - main - INFO - Enhanced IP Blocker initialized
2025-06-21 12:06:48 - main - INFO - Advanced Signature Engine initialized
2025-06-21 12:07:14 - main - INFO - Advanced Phishing Blocker initialized
2025-06-21 12:07:14 - main - INFO - SIEM Integration initialized successfully
2025-06-21 12:07:14 - main - INFO - Performance optimizer initialized successfully
2025-06-21 12:07:16 - main - INFO - Database optimizer initialized successfully
2025-06-21 12:07:16 - main - INFO - Registered /malware_events namespace for EMPDRS communication.
2025-06-21 12:07:25 - main - INFO - System monitoring started
2025-06-21 12:08:36 - main - INFO - User stopped sniffing
2025-06-21 12:08:37 - main - INFO - Stopping PacketSniffer...
2025-06-21 12:08:37 - main - INFO - PacketSniffer stopped.
2025-06-21 12:09:07 - main - INFO - User started sniffing on enp0s8
2025-06-21 12:11:25 - main - INFO - 🛑 Gracefully shutting down...
2025-06-21 12:11:25 - main - INFO - Enhanced IP Blocker stopped
2025-06-21 12:11:25 - main - INFO - Advanced Signature Engine stopped
2025-06-21 12:11:25 - main - INFO - Advanced Phishing Blocker stopped
2025-06-21 12:11:25 - main - INFO - SIEM Integration stopped
2025-06-21 12:11:25 - main - INFO - Performance optimizer stopped
2025-06-21 12:11:25 - main - INFO - Database optimizer stopped
2025-06-21 12:13:56 - main - INFO - Database initialized successfully
2025-06-21 12:13:57 - main - INFO - 🚀 Starting eCyber Security System
2025-06-21 12:13:57 - main - INFO - Initializing background services...
2025-06-21 12:13:57 - main - INFO - Enhanced IP Blocker initialized
2025-06-21 12:13:57 - main - INFO - Advanced Signature Engine initialized
2025-06-21 12:14:02 - main - INFO - Advanced Phishing Blocker initialized
2025-06-21 12:14:02 - main - INFO - SIEM Integration initialized successfully
2025-06-21 12:14:02 - main - INFO - Performance optimizer initialized successfully
2025-06-21 12:14:04 - main - INFO - Database optimizer initialized successfully
2025-06-21 12:14:04 - main - INFO - Registered /malware_events namespace for EMPDRS communication.
2025-06-21 12:14:06 - main - INFO - System monitoring started
2025-06-21 12:15:13 - main - INFO - User started sniffing on enp0s8
2025-06-21 12:17:22 - main - INFO - 🛑 Gracefully shutting down...
2025-06-21 12:17:23 - main - INFO - Enhanced IP Blocker stopped
2025-06-21 12:17:23 - main - INFO - Advanced Signature Engine stopped
2025-06-21 12:17:23 - main - INFO - Advanced Phishing Blocker stopped
2025-06-21 12:17:23 - main - INFO - SIEM Integration stopped
2025-06-21 12:17:23 - main - INFO - Performance optimizer stopped
2025-06-21 12:17:23 - main - INFO - Database optimizer stopped
